2014-12-02 09:55:10 [-][-][-][error][yii\db\Exception] exception 'PDOException' with message 'SQLSTATE[28000] [1045] Access denied for user 'root'@'localhost' (using password: NO)' in /var/www/html/alok/yii/advanced/vendor/yiisoft/yii2/db/Connection.php:579
Stack trace:
#0 /var/www/html/alok/yii/advanced/vendor/yiisoft/yii2/db/Connection.php(579): PDO->__construct('mysql:host=loca...', 'root', '', NULL)
#1 /var/www/html/alok/yii/advanced/vendor/yiisoft/yii2/db/Connection.php(529): yii\db\Connection->createPdoInstance()
#2 /var/www/html/alok/yii/advanced/vendor/yiisoft/yii2/db/Connection.php(836): yii\db\Connection->open()
#3 /var/www/html/alok/yii/advanced/vendor/yiisoft/yii2/db/Connection.php(823): yii\db\Connection->getMasterPdo()
#4 /var/www/html/alok/yii/advanced/vendor/yiisoft/yii2/db/Command.php(208): yii\db\Connection->getSlavePdo()
#5 /var/www/html/alok/yii/advanced/vendor/yiisoft/yii2/db/Command.php(813): yii\db\Command->prepare(true)
#6 /var/www/html/alok/yii/advanced/vendor/yiisoft/yii2/db/Command.php(350): yii\db\Command->queryInternal('fetchAll', NULL)
#7 /var/www/html/alok/yii/advanced/vendor/yiisoft/yii2/db/mysql/Schema.php(198): yii\db\Command->queryAll()
#8 /var/www/html/alok/yii/advanced/vendor/yiisoft/yii2/db/mysql/Schema.php(97): yii\db\mysql\Schema->findColumns(Object(yii\db\TableSchema))
#9 /var/www/html/alok/yii/advanced/vendor/yiisoft/yii2/db/Schema.php(139): yii\db\mysql\Schema->loadTableSchema('migration')
#10 /var/www/html/alok/yii/advanced/vendor/yiisoft/yii2/console/controllers/MigrateController.php(125): yii\db\Schema->getTableSchema('{{%migration}}', true)
#11 /var/www/html/alok/yii/advanced/vendor/yiisoft/yii2/console/controllers/BaseMigrateController.php(604): yii\console\controllers\MigrateController->getMigrationHistory(NULL)
#12 /var/www/html/alok/yii/advanced/vendor/yiisoft/yii2/console/controllers/BaseMigrateController.php(99): yii\console\controllers\BaseMigrateController->getNewMigrations()
#13 [internal function]: yii\console\controllers\BaseMigrateController->actionUp(0)
#14 /var/www/html/alok/yii/advanced/vendor/yiisoft/yii2/base/InlineAction.php(55): call_user_func_array(Array, Array)
#15 /var/www/html/alok/yii/advanced/vendor/yiisoft/yii2/base/Controller.php(151): yii\base\InlineAction->runWithParams(Array)
#16 /var/www/html/alok/yii/advanced/vendor/yiisoft/yii2/console/Controller.php(91): yii\base\Controller->runAction('', Array)
#17 /var/www/html/alok/yii/advanced/vendor/yiisoft/yii2/base/Module.php(455): yii\console\Controller->runAction('', Array)
#18 /var/www/html/alok/yii/advanced/vendor/yiisoft/yii2/console/Application.php(161): yii\base\Module->runAction('migrate', Array)
#19 /var/www/html/alok/yii/advanced/vendor/yiisoft/yii2/console/Application.php(137): yii\console\Application->runAction('migrate', Array)
#20 /var/www/html/alok/yii/advanced/vendor/yiisoft/yii2/base/Application.php(375): yii\console\Application->handleRequest(Object(yii\console\Request))
#21 /var/www/html/alok/yii/advanced/yii(31): yii\base\Application->run()
#22 {main}

Next exception 'yii\db\Exception' with message 'SQLSTATE[28000] [1045] Access denied for user 'root'@'localhost' (using password: NO)' in /var/www/html/alok/yii/advanced/vendor/yiisoft/yii2/db/Connection.php:534
Stack trace:
#0 /var/www/html/alok/yii/advanced/vendor/yiisoft/yii2/db/Connection.php(836): yii\db\Connection->open()
#1 /var/www/html/alok/yii/advanced/vendor/yiisoft/yii2/db/Connection.php(823): yii\db\Connection->getMasterPdo()
#2 /var/www/html/alok/yii/advanced/vendor/yiisoft/yii2/db/Command.php(208): yii\db\Connection->getSlavePdo()
#3 /var/www/html/alok/yii/advanced/vendor/yiisoft/yii2/db/Command.php(813): yii\db\Command->prepare(true)
#4 /var/www/html/alok/yii/advanced/vendor/yiisoft/yii2/db/Command.php(350): yii\db\Command->queryInternal('fetchAll', NULL)
#5 /var/www/html/alok/yii/advanced/vendor/yiisoft/yii2/db/mysql/Schema.php(198): yii\db\Command->queryAll()
#6 /var/www/html/alok/yii/advanced/vendor/yiisoft/yii2/db/mysql/Schema.php(97): yii\db\mysql\Schema->findColumns(Object(yii\db\TableSchema))
#7 /var/www/html/alok/yii/advanced/vendor/yiisoft/yii2/db/Schema.php(139): yii\db\mysql\Schema->loadTableSchema('migration')
#8 /var/www/html/alok/yii/advanced/vendor/yiisoft/yii2/console/controllers/MigrateController.php(125): yii\db\Schema->getTableSchema('{{%migration}}', true)
#9 /var/www/html/alok/yii/advanced/vendor/yiisoft/yii2/console/controllers/BaseMigrateController.php(604): yii\console\controllers\MigrateController->getMigrationHistory(NULL)
#10 /var/www/html/alok/yii/advanced/vendor/yiisoft/yii2/console/controllers/BaseMigrateController.php(99): yii\console\controllers\BaseMigrateController->getNewMigrations()
#11 [internal function]: yii\console\controllers\BaseMigrateController->actionUp(0)
#12 /var/www/html/alok/yii/advanced/vendor/yiisoft/yii2/base/InlineAction.php(55): call_user_func_array(Array, Array)
#13 /var/www/html/alok/yii/advanced/vendor/yiisoft/yii2/base/Controller.php(151): yii\base\InlineAction->runWithParams(Array)
#14 /var/www/html/alok/yii/advanced/vendor/yiisoft/yii2/console/Controller.php(91): yii\base\Controller->runAction('', Array)
#15 /var/www/html/alok/yii/advanced/vendor/yiisoft/yii2/base/Module.php(455): yii\console\Controller->runAction('', Array)
#16 /var/www/html/alok/yii/advanced/vendor/yiisoft/yii2/console/Application.php(161): yii\base\Module->runAction('migrate', Array)
#17 /var/www/html/alok/yii/advanced/vendor/yiisoft/yii2/console/Application.php(137): yii\console\Application->runAction('migrate', Array)
#18 /var/www/html/alok/yii/advanced/vendor/yiisoft/yii2/base/Application.php(375): yii\console\Application->handleRequest(Object(yii\console\Request))
#19 /var/www/html/alok/yii/advanced/yii(31): yii\base\Application->run()
#20 {main}
Additional Information:

2014-12-02 09:55:10 [-][-][-][info][application] $_SERVER = [
    'XDG_VTNR' => '7'
    'INSIDE_NAUTILUS_PYTHON' => ''
    'XDG_SESSION_ID' => 'c4'
    'CLUTTER_IM_MODULE' => 'xim'
    'XDG_GREETER_DATA_DIR' => '/var/lib/lightdm-data/alok'
    'SELINUX_INIT' => 'YES'
    'NAUTILUS_PYTHON_REQUIRE_GTK3' => '1'
    'SESSION' => 'ubuntu'
    'GPG_AGENT_INFO' => '/run/user/1000/keyring-ZWfMnk/gpg:0:1'
    'VTE_VERSION' => '3409'
    'SHELL' => '/bin/bash'
    'XDG_MENU_PREFIX' => 'gnome-'
    'TERM' => 'xterm'
    'WINDOWID' => '54527512'
    'UPSTART_SESSION' => 'unix:abstract=/com/ubuntu/upstart-session/1000/2796'
    'GNOME_KEYRING_CONTROL' => '/run/user/1000/keyring-ZWfMnk'
    'GTK_MODULES' => 'overlay-scrollbar:unity-gtk-module'
    'USER' => 'alok'
    'LS_COLORS' => 'rs=0:di=01;34:ln=01;36:mh=00:pi=40;33:so=01;35:do=01;35:bd=40;33;01:cd=40;33;01:or=40;31;01:su=37;41:sg=30;43:ca=30;41:tw=30;42:ow=34;42:st=37;44:ex=01;32:*.tar=01;31:*.tgz=01;31:*.arj=01;31:*.taz=01;31:*.lzh=01;31:*.lzma=01;31:*.tlz=01;31:*.txz=01;31:*.zip=01;31:*.z=01;31:*.Z=01;31:*.dz=01;31:*.gz=01;31:*.lz=01;31:*.xz=01;31:*.bz2=01;31:*.bz=01;31:*.tbz=01;31:*.tbz2=01;31:*.tz=01;31:*.deb=01;31:*.rpm=01;31:*.jar=01;31:*.war=01;31:*.ear=01;31:*.sar=01;31:*.rar=01;31:*.ace=01;31:*.zoo=01;31:*.cpio=01;31:*.7z=01;31:*.rz=01;31:*.jpg=01;35:*.jpeg=01;35:*.gif=01;35:*.bmp=01;35:*.pbm=01;35:*.pgm=01;35:*.ppm=01;35:*.tga=01;35:*.xbm=01;35:*.xpm=01;35:*.tif=01;35:*.tiff=01;35:*.png=01;35:*.svg=01;35:*.svgz=01;35:*.mng=01;35:*.pcx=01;35:*.mov=01;35:*.mpg=01;35:*.mpeg=01;35:*.m2v=01;35:*.mkv=01;35:*.webm=01;35:*.ogm=01;35:*.mp4=01;35:*.m4v=01;35:*.mp4v=01;35:*.vob=01;35:*.qt=01;35:*.nuv=01;35:*.wmv=01;35:*.asf=01;35:*.rm=01;35:*.rmvb=01;35:*.flc=01;35:*.avi=01;35:*.fli=01;35:*.flv=01;35:*.gl=01;35:*.dl=01;35:*.xcf=01;35:*.xwd=01;35:*.yuv=01;35:*.cgm=01;35:*.emf=01;35:*.axv=01;35:*.anx=01;35:*.ogv=01;35:*.ogx=01;35:*.aac=00;36:*.au=00;36:*.flac=00;36:*.mid=00;36:*.midi=00;36:*.mka=00;36:*.mp3=00;36:*.mpc=00;36:*.ogg=00;36:*.ra=00;36:*.wav=00;36:*.axa=00;36:*.oga=00;36:*.spx=00;36:*.xspf=00;36:'
    'XDG_SESSION_PATH' => '/org/freedesktop/DisplayManager/Session1'
    'XDG_SEAT_PATH' => '/org/freedesktop/DisplayManager/Seat0'
    'SSH_AUTH_SOCK' => '/run/user/1000/keyring-ZWfMnk/ssh'
    'SESSION_MANAGER' => 'local/alok:@/tmp/.ICE-unix/2959,unix/alok:/tmp/.ICE-unix/2959'
    'DEFAULTS_PATH' => '/usr/share/gconf/ubuntu.default.path'
    'XDG_CONFIG_DIRS' => '/etc/xdg/xdg-ubuntu:/usr/share/upstart/xdg:/etc/xdg'
    'PATH' => '/usr/local/sbin:/usr/local/bin:/usr/sbin:/usr/bin:/sbin:/bin:/usr/games:/usr/local/games'
    'DESKTOP_SESSION' => 'ubuntu'
    'QT_IM_MODULE' => 'ibus'
    'QT_QPA_PLATFORMTHEME' => 'appmenu-qt5'
    'JOB' => 'dbus'
    'PWD' => '/home/alok/Desktop/Link to html/alok/yii/advanced'
    'XMODIFIERS' => '@im=ibus'
    'LANG' => 'en_US.UTF-8'
    'GNOME_KEYRING_PID' => '2794'
    'GDM_LANG' => 'en_US'
    'MANDATORY_PATH' => '/usr/share/gconf/ubuntu.mandatory.path'
    'IM_CONFIG_PHASE' => '1'
    'UBUNTU_MENUPROXY' => '1'
    'COMPIZ_CONFIG_PROFILE' => 'ubuntu'
    'GDMSESSION' => 'ubuntu'
    'SESSIONTYPE' => 'gnome-session'
    'SHLVL' => '1'
    'HOME' => '/home/alok'
    'XDG_SEAT' => 'seat0'
    'LANGUAGE' => 'en_US'
    'GNOME_DESKTOP_SESSION_ID' => 'this-is-deprecated'
    'LOGNAME' => 'alok'
    'XDG_DATA_DIRS' => '/usr/share/ubuntu:/usr/share/gnome:/usr/local/share/:/usr/share/'
    'DBUS_SESSION_BUS_ADDRESS' => 'unix:abstract=/tmp/dbus-qD2TDKVzwx'
    'QT4_IM_MODULE' => 'xim'
    'LESSOPEN' => '| /usr/bin/lesspipe %s'
    'INSTANCE' => ''
    'TEXTDOMAIN' => 'im-config'
    'DISPLAY' => ':0.0'
    'XDG_RUNTIME_DIR' => '/run/user/1000'
    'XDG_CURRENT_DESKTOP' => 'Unity'
    'GTK_IM_MODULE' => 'ibus'
    'LESSCLOSE' => '/usr/bin/lesspipe %s %s'
    'TEXTDOMAINDIR' => '/usr/share/locale/'
    'XAUTHORITY' => '/home/alok/.Xauthority'
    'COLORTERM' => 'gnome-terminal'
    '_' => '/usr/bin/php'
    'PHP_SELF' => 'yii'
    'SCRIPT_NAME' => 'yii'
    'SCRIPT_FILENAME' => 'yii'
    'PATH_TRANSLATED' => 'yii'
    'DOCUMENT_ROOT' => ''
    'REQUEST_TIME_FLOAT' => 1417514110.9054
    'REQUEST_TIME' => 1417514110
    'argv' => [
        0 => 'yii'
        1 => 'migrate'
    ]
    'argc' => 2
]
2014-12-02 10:33:43 [-][-][-][error][yii\db\Exception] exception 'PDOException' with message 'SQLSTATE[42S01]: Base table or view already exists: 1050 Table 'User' already exists' in /var/www/html/alok/yii/advanced/vendor/yiisoft/yii2/db/Command.php:768
Stack trace:
#0 /var/www/html/alok/yii/advanced/vendor/yiisoft/yii2/db/Command.php(768): PDOStatement->execute()
#1 /var/www/html/alok/yii/advanced/vendor/yiisoft/yii2/db/Migration.php(245): yii\db\Command->execute()
#2 /var/www/html/alok/yii/advanced/console/migrations/m130524_201442_init.php(28): yii\db\Migration->createTable('{{%User}}', Array, 'CHARACTER SET u...')
#3 /var/www/html/alok/yii/advanced/vendor/yiisoft/yii2/console/controllers/BaseMigrateController.php(488): m130524_201442_init->up()
#4 /var/www/html/alok/yii/advanced/vendor/yiisoft/yii2/console/controllers/BaseMigrateController.php(126): yii\console\controllers\BaseMigrateController->migrateUp('m130524_201442_...')
#5 [internal function]: yii\console\controllers\BaseMigrateController->actionUp(0)
#6 /var/www/html/alok/yii/advanced/vendor/yiisoft/yii2/base/InlineAction.php(55): call_user_func_array(Array, Array)
#7 /var/www/html/alok/yii/advanced/vendor/yiisoft/yii2/base/Controller.php(151): yii\base\InlineAction->runWithParams(Array)
#8 /var/www/html/alok/yii/advanced/vendor/yiisoft/yii2/console/Controller.php(91): yii\base\Controller->runAction('', Array)
#9 /var/www/html/alok/yii/advanced/vendor/yiisoft/yii2/base/Module.php(455): yii\console\Controller->runAction('', Array)
#10 /var/www/html/alok/yii/advanced/vendor/yiisoft/yii2/console/Application.php(161): yii\base\Module->runAction('migrate', Array)
#11 /var/www/html/alok/yii/advanced/vendor/yiisoft/yii2/console/Application.php(137): yii\console\Application->runAction('migrate', Array)
#12 /var/www/html/alok/yii/advanced/vendor/yiisoft/yii2/base/Application.php(375): yii\console\Application->handleRequest(Object(yii\console\Request))
#13 /var/www/html/alok/yii/advanced/yii(31): yii\base\Application->run()
#14 {main}

Next exception 'yii\db\Exception' with message 'SQLSTATE[42S01]: Base table or view already exists: 1050 Table 'User' already exists
The SQL being executed was: CREATE TABLE `User` (
	`id` int(11) NOT NULL AUTO_INCREMENT PRIMARY KEY,
	`username` varchar(255) NOT NULL,
	`auth_key` varchar(32) NOT NULL,
	`password_hash` varchar(255) NOT NULL,
	`password_reset_token` varchar(255),
	`email` varchar(255) NOT NULL,
	`role` smallint(6) NOT NULL DEFAULT 10,
	`status` smallint(6) NOT NULL DEFAULT 10,
	`created_at` int(11) NOT NULL,
	`updated_at` int(11) NOT NULL
) CHARACTER SET utf8 COLLATE utf8_unicode_ci ENGINE=InnoDB' in /var/www/html/alok/yii/advanced/vendor/yiisoft/yii2/db/Schema.php:532
Stack trace:
#0 /var/www/html/alok/yii/advanced/vendor/yiisoft/yii2/db/Command.php(776): yii\db\Schema->convertException(Object(PDOException), 'CREATE TABLE `U...')
#1 /var/www/html/alok/yii/advanced/vendor/yiisoft/yii2/db/Migration.php(245): yii\db\Command->execute()
#2 /var/www/html/alok/yii/advanced/console/migrations/m130524_201442_init.php(28): yii\db\Migration->createTable('{{%User}}', Array, 'CHARACTER SET u...')
#3 /var/www/html/alok/yii/advanced/vendor/yiisoft/yii2/console/controllers/BaseMigrateController.php(488): m130524_201442_init->up()
#4 /var/www/html/alok/yii/advanced/vendor/yiisoft/yii2/console/controllers/BaseMigrateController.php(126): yii\console\controllers\BaseMigrateController->migrateUp('m130524_201442_...')
#5 [internal function]: yii\console\controllers\BaseMigrateController->actionUp(0)
#6 /var/www/html/alok/yii/advanced/vendor/yiisoft/yii2/base/InlineAction.php(55): call_user_func_array(Array, Array)
#7 /var/www/html/alok/yii/advanced/vendor/yiisoft/yii2/base/Controller.php(151): yii\base\InlineAction->runWithParams(Array)
#8 /var/www/html/alok/yii/advanced/vendor/yiisoft/yii2/console/Controller.php(91): yii\base\Controller->runAction('', Array)
#9 /var/www/html/alok/yii/advanced/vendor/yiisoft/yii2/base/Module.php(455): yii\console\Controller->runAction('', Array)
#10 /var/www/html/alok/yii/advanced/vendor/yiisoft/yii2/console/Application.php(161): yii\base\Module->runAction('migrate', Array)
#11 /var/www/html/alok/yii/advanced/vendor/yiisoft/yii2/console/Application.php(137): yii\console\Application->runAction('migrate', Array)
#12 /var/www/html/alok/yii/advanced/vendor/yiisoft/yii2/base/Application.php(375): yii\console\Application->handleRequest(Object(yii\console\Request))
#13 /var/www/html/alok/yii/advanced/yii(31): yii\base\Application->run()
#14 {main}
Additional Information:
Array
(
    [0] => 42S01
    [1] => 1050
    [2] => Table 'User' already exists
)

2014-12-02 10:33:39 [-][-][-][info][application] $_SERVER = [
    'XDG_VTNR' => '7'
    'INSIDE_NAUTILUS_PYTHON' => ''
    'XDG_SESSION_ID' => 'c4'
    'CLUTTER_IM_MODULE' => 'xim'
    'XDG_GREETER_DATA_DIR' => '/var/lib/lightdm-data/alok'
    'SELINUX_INIT' => 'YES'
    'NAUTILUS_PYTHON_REQUIRE_GTK3' => '1'
    'SESSION' => 'ubuntu'
    'GPG_AGENT_INFO' => '/run/user/1000/keyring-ZWfMnk/gpg:0:1'
    'VTE_VERSION' => '3409'
    'SHELL' => '/bin/bash'
    'XDG_MENU_PREFIX' => 'gnome-'
    'TERM' => 'xterm'
    'WINDOWID' => '54529190'
    'UPSTART_SESSION' => 'unix:abstract=/com/ubuntu/upstart-session/1000/2796'
    'GNOME_KEYRING_CONTROL' => '/run/user/1000/keyring-ZWfMnk'
    'GTK_MODULES' => 'overlay-scrollbar:unity-gtk-module'
    'USER' => 'alok'
    'LS_COLORS' => 'rs=0:di=01;34:ln=01;36:mh=00:pi=40;33:so=01;35:do=01;35:bd=40;33;01:cd=40;33;01:or=40;31;01:su=37;41:sg=30;43:ca=30;41:tw=30;42:ow=34;42:st=37;44:ex=01;32:*.tar=01;31:*.tgz=01;31:*.arj=01;31:*.taz=01;31:*.lzh=01;31:*.lzma=01;31:*.tlz=01;31:*.txz=01;31:*.zip=01;31:*.z=01;31:*.Z=01;31:*.dz=01;31:*.gz=01;31:*.lz=01;31:*.xz=01;31:*.bz2=01;31:*.bz=01;31:*.tbz=01;31:*.tbz2=01;31:*.tz=01;31:*.deb=01;31:*.rpm=01;31:*.jar=01;31:*.war=01;31:*.ear=01;31:*.sar=01;31:*.rar=01;31:*.ace=01;31:*.zoo=01;31:*.cpio=01;31:*.7z=01;31:*.rz=01;31:*.jpg=01;35:*.jpeg=01;35:*.gif=01;35:*.bmp=01;35:*.pbm=01;35:*.pgm=01;35:*.ppm=01;35:*.tga=01;35:*.xbm=01;35:*.xpm=01;35:*.tif=01;35:*.tiff=01;35:*.png=01;35:*.svg=01;35:*.svgz=01;35:*.mng=01;35:*.pcx=01;35:*.mov=01;35:*.mpg=01;35:*.mpeg=01;35:*.m2v=01;35:*.mkv=01;35:*.webm=01;35:*.ogm=01;35:*.mp4=01;35:*.m4v=01;35:*.mp4v=01;35:*.vob=01;35:*.qt=01;35:*.nuv=01;35:*.wmv=01;35:*.asf=01;35:*.rm=01;35:*.rmvb=01;35:*.flc=01;35:*.avi=01;35:*.fli=01;35:*.flv=01;35:*.gl=01;35:*.dl=01;35:*.xcf=01;35:*.xwd=01;35:*.yuv=01;35:*.cgm=01;35:*.emf=01;35:*.axv=01;35:*.anx=01;35:*.ogv=01;35:*.ogx=01;35:*.aac=00;36:*.au=00;36:*.flac=00;36:*.mid=00;36:*.midi=00;36:*.mka=00;36:*.mp3=00;36:*.mpc=00;36:*.ogg=00;36:*.ra=00;36:*.wav=00;36:*.axa=00;36:*.oga=00;36:*.spx=00;36:*.xspf=00;36:'
    'XDG_SESSION_PATH' => '/org/freedesktop/DisplayManager/Session1'
    'XDG_SEAT_PATH' => '/org/freedesktop/DisplayManager/Seat0'
    'SSH_AUTH_SOCK' => '/run/user/1000/keyring-ZWfMnk/ssh'
    'SESSION_MANAGER' => 'local/alok:@/tmp/.ICE-unix/2959,unix/alok:/tmp/.ICE-unix/2959'
    'DEFAULTS_PATH' => '/usr/share/gconf/ubuntu.default.path'
    'XDG_CONFIG_DIRS' => '/etc/xdg/xdg-ubuntu:/usr/share/upstart/xdg:/etc/xdg'
    'PATH' => '/usr/local/sbin:/usr/local/bin:/usr/sbin:/usr/bin:/sbin:/bin:/usr/games:/usr/local/games'
    'DESKTOP_SESSION' => 'ubuntu'
    'QT_IM_MODULE' => 'ibus'
    'QT_QPA_PLATFORMTHEME' => 'appmenu-qt5'
    'JOB' => 'dbus'
    'PWD' => '/home/alok/Desktop/Link to html/alok/yii/advanced'
    'XMODIFIERS' => '@im=ibus'
    'LANG' => 'en_US.UTF-8'
    'GNOME_KEYRING_PID' => '2794'
    'GDM_LANG' => 'en_US'
    'MANDATORY_PATH' => '/usr/share/gconf/ubuntu.mandatory.path'
    'IM_CONFIG_PHASE' => '1'
    'UBUNTU_MENUPROXY' => '1'
    'COMPIZ_CONFIG_PROFILE' => 'ubuntu'
    'GDMSESSION' => 'ubuntu'
    'SESSIONTYPE' => 'gnome-session'
    'SHLVL' => '1'
    'HOME' => '/home/alok'
    'XDG_SEAT' => 'seat0'
    'LANGUAGE' => 'en_US'
    'GNOME_DESKTOP_SESSION_ID' => 'this-is-deprecated'
    'LOGNAME' => 'alok'
    'XDG_DATA_DIRS' => '/usr/share/ubuntu:/usr/share/gnome:/usr/local/share/:/usr/share/'
    'DBUS_SESSION_BUS_ADDRESS' => 'unix:abstract=/tmp/dbus-qD2TDKVzwx'
    'QT4_IM_MODULE' => 'xim'
    'LESSOPEN' => '| /usr/bin/lesspipe %s'
    'INSTANCE' => ''
    'TEXTDOMAIN' => 'im-config'
    'DISPLAY' => ':0.0'
    'XDG_RUNTIME_DIR' => '/run/user/1000'
    'XDG_CURRENT_DESKTOP' => 'Unity'
    'GTK_IM_MODULE' => 'ibus'
    'LESSCLOSE' => '/usr/bin/lesspipe %s %s'
    'TEXTDOMAINDIR' => '/usr/share/locale/'
    'XAUTHORITY' => '/home/alok/.Xauthority'
    'COLORTERM' => 'gnome-terminal'
    '_' => '/usr/bin/php'
    'PHP_SELF' => 'yii'
    'SCRIPT_NAME' => 'yii'
    'SCRIPT_FILENAME' => 'yii'
    'PATH_TRANSLATED' => 'yii'
    'DOCUMENT_ROOT' => ''
    'REQUEST_TIME_FLOAT' => 1417516419.3124
    'REQUEST_TIME' => 1417516419
    'argv' => [
        0 => 'yii'
        1 => 'migrate'
    ]
    'argc' => 2
]
